# JRE version: OpenJDK Runtime Environment Temurin-17.0.4.1+1 (17.0.4.1+1) (build 17.0.4.1+1)
# Java VM: OpenJDK 64-Bit Server VM Temurin-17.0.4.1+1 (17.0.4.1+1, mixed mode, emulated-client, tiered, compressed oops, compressed class ptrs, g1 gc, windows-amd64)
GC Precious Log:
 CPUs: 4 total, 4 available
 Memory: 3885M
 Large Page Support: Disabled
 NUMA Support: Disabled
 Compressed Oops: Enabled (32-bit)
 Heap Region Size: 1M
 Heap Min Capacity: 8M
 Heap Initial Capacity: 62M
 Heap Max Capacity: 972M
 Pre-touch: Disabled
 Parallel Workers: 4
 Concurrent Workers: 1
 Concurrent Refinement Workers: 4
 Periodic GC: Disabled
Heap:
 garbage-first heap   total 63488K, used 27266K [0x00000000c3400000, 0x0000000100000000)
  region size 1024K, 2 young (2048K), 2 survivors (2048K)
 Metaspace       used 35150K, committed 35456K, reserved 1081344K
  class space    used 4547K, committed 4672K, reserved 1048576K
GC Heap History (20 events):
Event: 2.428 GC heap after
{Heap after GC invocations=2 (full 0):
 garbage-first heap   total 63488K, used 8389K [0x00000000c3400000, 0x0000000100000000)
  region size 1024K, 2 young (2048K), 2 survivors (2048K)
 Metaspace       used 10340K, committed 10560K, reserved 1064960K
  class space    used 1172K, committed 1280K, reserved 1048576K
}
Event: 3.844 GC heap before
{Heap before GC invocations=2 (full 0):
 garbage-first heap   total 63488K, used 26821K [0x00000000c3400000, 0x0000000100000000)
  region size 1024K, 20 young (20480K), 2 survivors (2048K)
 Metaspace       used 15915K, committed 16128K, reserved 1064960K
  class space    used 1915K, committed 2048K, reserved 1048576K
}
Event: 3.856 GC heap after
{Heap after GC invocations=3 (full 0):
 garbage-first heap   total 63488K, used 10389K [0x00000000c3400000, 0x0000000100000000)
  region size 1024K, 3 young (3072K), 3 survivors (3072K)
 Metaspace       used 15915K, committed 16128K, reserved 1064960K
  class space    used 1915K, committed 2048K, reserved 1048576K
}
Event: 5.204 GC heap before
{Heap before GC invocations=3 (full 0):
 garbage-first heap   total 63488K, used 32917K [0x00000000c3400000, 0x0000000100000000)
  region size 1024K, 26 young (26624K), 3 survivors (3072K)
 Metaspace       used 21328K, committed 21504K, reserved 1073152K
  class space    used 2591K, committed 2688K, reserved 1048576K
}
Event: 5.213 GC heap after
{Heap after GC invocations=4 (full 0):
 garbage-first heap   total 63488K, used 11796K [0x00000000c3400000, 0x0000000100000000)
  region size 1024K, 4 young (4096K), 4 survivors (4096K)
 Metaspace       used 21328K, committed 21504K, reserved 1073152K
  class space    used 2591K, committed 2688K, reserved 1048576K
}
Event: 6.615 GC heap before
{Heap before GC invocations=5 (full 0):
 garbage-first heap   total 48128K, used 35348K [0x00000000c3400000, 0x0000000100000000)
  region size 1024K, 28 young (28672K), 4 survivors (4096K)
 Metaspace       used 25063K, committed 25216K, reserved 1073152K
  class space    used 3075K, committed 3136K, reserved 1048576K
}
Event: 6.625 GC heap after
{Heap after GC invocations=6 (full 0):
 garbage-first heap   total 48128K, used 13353K [0x00000000c3400000, 0x0000000100000000)
  region size 1024K, 3 young (3072K), 3 survivors (3072K)
 Metaspace       used 25063K, committed 25216K, reserved 1073152K
  class space    used 3075K, committed 3136K, reserved 1048576K
}
Event: 6.705 GC heap before
{Heap before GC invocations=6 (full 0):
 garbage-first heap   total 48128K, used 14377K [0x00000000c3400000, 0x0000000100000000)
  region size 1024K, 4 young (4096K), 3 survivors (3072K)
 Metaspace       used 25325K, committed 25600K, reserved 1073152K
  class space    used 3105K, committed 3264K, reserved 1048576K
}
Event: 6.715 GC heap after
{Heap after GC invocations=7 (full 0):
 garbage-first heap   total 48128K, used 13777K [0x00000000c3400000, 0x0000000100000000)
  region size 1024K, 1 young (1024K), 1 survivors (1024K)
 Metaspace       used 25325K, committed 25600K, reserved 1073152K
  class space    used 3105K, committed 3264K, reserved 1048576K
}
Event: 8.011 GC heap before
{Heap before GC invocations=7 (full 0):
 garbage-first heap   total 48128K, used 31185K [0x00000000c3400000, 0x0000000100000000)
  region size 1024K, 19 young (19456K), 1 survivors (1024K)
 Metaspace       used 28297K, committed 28544K, reserved 1081344K
  class space    used 3538K, committed 3648K, reserved 1048576K
}
Event: 8.020 GC heap after
{Heap after GC invocations=8 (full 0):
 garbage-first heap   total 48128K, used 15259K [0x00000000c3400000, 0x0000000100000000)
  region size 1024K, 2 young (2048K), 2 survivors (2048K)
 Metaspace       used 28297K, committed 28544K, reserved 1081344K
  class space    used 3538K, committed 3648K, reserved 1048576K
}
Event: 10.061 GC heap before
{Heap before GC invocations=8 (full 0):
 garbage-first heap   total 48128K, used 32667K [0x00000000c3400000, 0x0000000100000000)
  region size 1024K, 20 young (20480K), 2 survivors (2048K)
 Metaspace       used 31826K, committed 32064K, reserved 1081344K
  class space    used 4039K, committed 4160K, reserved 1048576K
}
Event: 10.068 GC heap after
{Heap after GC invocations=9 (full 0):
 garbage-first heap   total 48128K, used 16897K [0x00000000c3400000, 0x0000000100000000)
  region size 1024K, 2 young (2048K), 2 survivors (2048K)
 Metaspace       used 31826K, committed 32064K, reserved 1081344K
  class space    used 4039K, committed 4160K, reserved 1048576K
}
Event: 12.033 GC heap before
{Heap before GC invocations=9 (full 0):
 garbage-first heap   total 48128K, used 34305K [0x00000000c3400000, 0x0000000100000000)
  region size 1024K, 19 young (19456K), 2 survivors (2048K)
 Metaspace       used 34814K, committed 35136K, reserved 1081344K
  class space    used 4495K, committed 4672K, reserved 1048576K
}
Event: 12.042 GC heap after
{Heap after GC invocations=10 (full 0):
 garbage-first heap   total 48128K, used 18432K [0x00000000c3400000, 0x0000000100000000)
  region size 1024K, 3 young (3072K), 3 survivors (3072K)
 Metaspace       used 34814K, committed 35136K, reserved 1081344K
  class space    used 4495K, committed 4672K, reserved 1048576K
}
Event: 12.436 GC heap before
{Heap before GC invocations=10 (full 0):
 garbage-first heap   total 48128K, used 34816K [0x00000000c3400000, 0x0000000100000000)
  region size 1024K, 20 young (20480K), 3 survivors (3072K)
 Metaspace       used 35035K, committed 35328K, reserved 1081344K
  class space    used 4530K, committed 4672K, reserved 1048576K
}
Event: 12.446 GC heap after
{Heap after GC invocations=11 (full 0):
 garbage-first heap   total 48128K, used 22097K [0x00000000c3400000, 0x0000000100000000)
  region size 1024K, 3 young (3072K), 3 survivors (3072K)
 Metaspace       used 35035K, committed 35328K, reserved 1081344K
  class space    used 4530K, committed 4672K, reserved 1048576K
}
Event: 12.675 GC heap before
{Heap before GC invocations=11 (full 0):
 garbage-first heap   total 48128K, used 35409K [0x00000000c3400000, 0x0000000100000000)
  region size 1024K, 16 young (16384K), 3 survivors (3072K)
 Metaspace       used 35035K, committed 35328K, reserved 1081344K
  class space    used 4530K, committed 4672K, reserved 1048576K
}
Event: 12.680 GC heap after
{Heap after GC invocations=12 (full 0):
 garbage-first heap   total 48128K, used 24576K [0x00000000c3400000, 0x0000000100000000)
  region size 1024K, 2 young (2048K), 2 survivors (2048K)
 Metaspace       used 35035K, committed 35328K, reserved 1081344K
  class space    used 4530K, committed 4672K, reserved 1048576K
}
Event: 12.895 GC heap before
{Heap before GC invocations=12 (full 0):
 garbage-first heap   total 48128K, used 35840K [0x00000000c3400000, 0x0000000100000000)
  region size 1024K, 13 young (13312K), 2 survivors (2048K)
 Metaspace       used 35150K, committed 35456K, reserved 1081344K
  class space    used 4547K, committed 4672K, reserved 1048576K
}

