# JRE version: OpenJDK Runtime Environment Temurin-17.0.4.1+1 (17.0.4.1+1) (build 17.0.4.1+1)
# Java VM: OpenJDK 64-Bit Server VM Temurin-17.0.4.1+1 (17.0.4.1+1, mixed mode, emulated-client, tiered, compressed oops, compressed class ptrs, g1 gc, windows-amd64)
GC Precious Log:
 CPUs: 4 total, 4 available
 Memory: 3885M
 Large Page Support: Disabled
 NUMA Support: Disabled
 Compressed Oops: Enabled (32-bit)
 Heap Region Size: 1M
 Heap Min Capacity: 8M
 Heap Initial Capacity: 62M
 Heap Max Capacity: 972M
 Pre-touch: Disabled
 Parallel Workers: 4
 Concurrent Workers: 1
 Concurrent Refinement Workers: 4
 Periodic GC: Disabled
Heap:
 garbage-first heap   total 92160K, used 26706K [0x00000000c3400000, 0x0000000100000000)
  region size 1024K, 1 young (1024K), 0 survivors (0K)
 Metaspace       used 46558K, committed 47040K, reserved 1089536K
  class space    used 6333K, committed 6528K, reserved 1048576K
GC Heap History (20 events):
Event: 726.919 GC heap before
{Heap before GC invocations=104 (full 60):
 garbage-first heap   total 92160K, used 26706K [0x00000000c3400000, 0x0000000100000000)
  region size 1024K, 1 young (1024K), 0 survivors (0K)
 Metaspace       used 46558K, committed 47040K, reserved 1089536K
  class space    used 6333K, committed 6528K, reserved 1048576K
}
Event: 727.739 GC heap after
{Heap after GC invocations=105 (full 61):
 garbage-first heap   total 92160K, used 26706K [0x00000000c3400000, 0x0000000100000000)
  region size 1024K, 0 young (0K), 0 survivors (0K)
 Metaspace       used 46558K, committed 47040K, reserved 1089536K
  class space    used 6333K, committed 6528K, reserved 1048576K
}
Event: 738.197 GC heap before
{Heap before GC invocations=105 (full 61):
 garbage-first heap   total 92160K, used 26706K [0x00000000c3400000, 0x0000000100000000)
  region size 1024K, 1 young (1024K), 0 survivors (0K)
 Metaspace       used 46558K, committed 47040K, reserved 1089536K
  class space    used 6333K, committed 6528K, reserved 1048576K
}
Event: 738.282 GC heap after
{Heap after GC invocations=106 (full 62):
 garbage-first heap   total 92160K, used 26714K [0x00000000c3400000, 0x0000000100000000)
  region size 1024K, 0 young (0K), 0 survivors (0K)
 Metaspace       used 46558K, committed 47040K, reserved 1089536K
  class space    used 6333K, committed 6528K, reserved 1048576K
}
Event: 749.210 GC heap before
{Heap before GC invocations=106 (full 62):
 garbage-first heap   total 92160K, used 26714K [0x00000000c3400000, 0x0000000100000000)
  region size 1024K, 1 young (1024K), 0 survivors (0K)
 Metaspace       used 46558K, committed 47040K, reserved 1089536K
  class space    used 6333K, committed 6528K, reserved 1048576K
}
Event: 749.289 GC heap after
{Heap after GC invocations=107 (full 63):
 garbage-first heap   total 92160K, used 26706K [0x00000000c3400000, 0x0000000100000000)
  region size 1024K, 0 young (0K), 0 survivors (0K)
 Metaspace       used 46558K, committed 47040K, reserved 1089536K
  class space    used 6333K, committed 6528K, reserved 1048576K
}
Event: 759.754 GC heap before
{Heap before GC invocations=107 (full 63):
 garbage-first heap   total 92160K, used 26706K [0x00000000c3400000, 0x0000000100000000)
  region size 1024K, 1 young (1024K), 0 survivors (0K)
 Metaspace       used 46558K, committed 47040K, reserved 1089536K
  class space    used 6333K, committed 6528K, reserved 1048576K
}
Event: 759.828 GC heap after
{Heap after GC invocations=108 (full 64):
 garbage-first heap   total 92160K, used 26706K [0x00000000c3400000, 0x0000000100000000)
  region size 1024K, 0 young (0K), 0 survivors (0K)
 Metaspace       used 46558K, committed 47040K, reserved 1089536K
  class space    used 6333K, committed 6528K, reserved 1048576K
}
Event: 770.183 GC heap before
{Heap before GC invocations=108 (full 64):
 garbage-first heap   total 92160K, used 26706K [0x00000000c3400000, 0x0000000100000000)
  region size 1024K, 1 young (1024K), 0 survivors (0K)
 Metaspace       used 46558K, committed 47040K, reserved 1089536K
  class space    used 6333K, committed 6528K, reserved 1048576K
}
Event: 770.247 GC heap after
{Heap after GC invocations=109 (full 65):
 garbage-first heap   total 92160K, used 26706K [0x00000000c3400000, 0x0000000100000000)
  region size 1024K, 0 young (0K), 0 survivors (0K)
 Metaspace       used 46558K, committed 47040K, reserved 1089536K
  class space    used 6333K, committed 6528K, reserved 1048576K
}
Event: 782.381 GC heap before
{Heap before GC invocations=109 (full 65):
 garbage-first heap   total 92160K, used 26706K [0x00000000c3400000, 0x0000000100000000)
  region size 1024K, 1 young (1024K), 0 survivors (0K)
 Metaspace       used 46558K, committed 47040K, reserved 1089536K
  class space    used 6333K, committed 6528K, reserved 1048576K
}
Event: 782.454 GC heap after
{Heap after GC invocations=110 (full 66):
 garbage-first heap   total 92160K, used 26706K [0x00000000c3400000, 0x0000000100000000)
  region size 1024K, 0 young (0K), 0 survivors (0K)
 Metaspace       used 46558K, committed 47040K, reserved 1089536K
  class space    used 6333K, committed 6528K, reserved 1048576K
}
Event: 792.902 GC heap before
{Heap before GC invocations=110 (full 66):
 garbage-first heap   total 92160K, used 26706K [0x00000000c3400000, 0x0000000100000000)
  region size 1024K, 1 young (1024K), 0 survivors (0K)
 Metaspace       used 46558K, committed 47040K, reserved 1089536K
  class space    used 6333K, committed 6528K, reserved 1048576K
}
Event: 792.974 GC heap after
{Heap after GC invocations=111 (full 67):
 garbage-first heap   total 92160K, used 26706K [0x00000000c3400000, 0x0000000100000000)
  region size 1024K, 0 young (0K), 0 survivors (0K)
 Metaspace       used 46558K, committed 47040K, reserved 1089536K
  class space    used 6333K, committed 6528K, reserved 1048576K
}
Event: 803.405 GC heap before
{Heap before GC invocations=111 (full 67):
 garbage-first heap   total 92160K, used 26706K [0x00000000c3400000, 0x0000000100000000)
  region size 1024K, 1 young (1024K), 0 survivors (0K)
 Metaspace       used 46558K, committed 47040K, reserved 1089536K
  class space    used 6333K, committed 6528K, reserved 1048576K
}
Event: 803.482 GC heap after
{Heap after GC invocations=112 (full 68):
 garbage-first heap   total 92160K, used 26706K [0x00000000c3400000, 0x0000000100000000)
  region size 1024K, 0 young (0K), 0 survivors (0K)
 Metaspace       used 46558K, committed 47040K, reserved 1089536K
  class space    used 6333K, committed 6528K, reserved 1048576K
}
Event: 814.364 GC heap before
{Heap before GC invocations=112 (full 68):
 garbage-first heap   total 92160K, used 26706K [0x00000000c3400000, 0x0000000100000000)
  region size 1024K, 1 young (1024K), 0 survivors (0K)
 Metaspace       used 46558K, committed 47040K, reserved 1089536K
  class space    used 6333K, committed 6528K, reserved 1048576K
}
Event: 814.431 GC heap after
{Heap after GC invocations=113 (full 69):
 garbage-first heap   total 92160K, used 26706K [0x00000000c3400000, 0x0000000100000000)
  region size 1024K, 0 young (0K), 0 survivors (0K)
 Metaspace       used 46558K, committed 47040K, reserved 1089536K
  class space    used 6333K, committed 6528K, reserved 1048576K
}
Event: 825.604 GC heap before
{Heap before GC invocations=113 (full 69):
 garbage-first heap   total 92160K, used 26706K [0x00000000c3400000, 0x0000000100000000)
  region size 1024K, 1 young (1024K), 0 survivors (0K)
 Metaspace       used 46558K, committed 47040K, reserved 1089536K
  class space    used 6333K, committed 6528K, reserved 1048576K
}
Event: 825.702 GC heap after
{Heap after GC invocations=114 (full 70):
 garbage-first heap   total 92160K, used 26706K [0x00000000c3400000, 0x0000000100000000)
  region size 1024K, 0 young (0K), 0 survivors (0K)
 Metaspace       used 46558K, committed 47040K, reserved 1089536K
  class space    used 6333K, committed 6528K, reserved 1048576K
}

