# JRE version: OpenJDK Runtime Environment Temurin-17.0.4.1+1 (17.0.4.1+1) (build 17.0.4.1+1)
# Java VM: OpenJDK 64-Bit Server VM Temurin-17.0.4.1+1 (17.0.4.1+1, mixed mode, emulated-client, tiered, compressed oops, compressed class ptrs, g1 gc, windows-amd64)
GC Precious Log:
 CPUs: 4 total, 4 available
 Memory: 3885M
 Large Page Support: Disabled
 NUMA Support: Disabled
 Compressed Oops: Enabled (32-bit)
 Heap Region Size: 1M
 Heap Min Capacity: 8M
 Heap Initial Capacity: 62M
 Heap Max Capacity: 972M
 Pre-touch: Disabled
 Parallel Workers: 4
 Concurrent Workers: 1
 Concurrent Refinement Workers: 4
 Periodic GC: Disabled
Heap:
 garbage-first heap   total 65536K, used 35660K [0x00000000c3400000, 0x0000000100000000)
  region size 1024K, 2 young (2048K), 2 survivors (2048K)
 Metaspace       used 35468K, committed 35776K, reserved 1081344K
  class space    used 4598K, committed 4736K, reserved 1048576K
GC Heap History (20 events):
Event: 12.180 GC heap after
{Heap after GC invocations=8 (full 0):
 garbage-first heap   total 48128K, used 19099K [0x00000000c3400000, 0x0000000100000000)
  region size 1024K, 2 young (2048K), 2 survivors (2048K)
 Metaspace       used 30940K, committed 31296K, reserved 1081344K
  class space    used 3885K, committed 4032K, reserved 1048576K
}
Event: 14.039 GC heap before
{Heap before GC invocations=8 (full 0):
 garbage-first heap   total 48128K, used 32411K [0x00000000c3400000, 0x0000000100000000)
  region size 1024K, 15 young (15360K), 2 survivors (2048K)
 Metaspace       used 33176K, committed 33472K, reserved 1081344K
  class space    used 4237K, committed 4352K, reserved 1048576K
}
Event: 14.048 GC heap after
{Heap after GC invocations=9 (full 0):
 garbage-first heap   total 48128K, used 20523K [0x00000000c3400000, 0x0000000100000000)
  region size 1024K, 2 young (2048K), 2 survivors (2048K)
 Metaspace       used 33176K, committed 33472K, reserved 1081344K
  class space    used 4237K, committed 4352K, reserved 1048576K
}
Event: 14.522 GC heap before
{Heap before GC invocations=9 (full 0):
 garbage-first heap   total 48128K, used 33835K [0x00000000c3400000, 0x0000000100000000)
  region size 1024K, 15 young (15360K), 2 survivors (2048K)
 Metaspace       used 34959K, committed 35264K, reserved 1081344K
  class space    used 4514K, committed 4672K, reserved 1048576K
}
Event: 14.529 GC heap after
{Heap after GC invocations=10 (full 0):
 garbage-first heap   total 48128K, used 22098K [0x00000000c3400000, 0x0000000100000000)
  region size 1024K, 2 young (2048K), 2 survivors (2048K)
 Metaspace       used 34959K, committed 35264K, reserved 1081344K
  class space    used 4514K, committed 4672K, reserved 1048576K
}
Event: 14.634 GC heap before
{Heap before GC invocations=10 (full 0):
 garbage-first heap   total 48128K, used 33362K [0x00000000c3400000, 0x0000000100000000)
  region size 1024K, 14 young (14336K), 2 survivors (2048K)
 Metaspace       used 35028K, committed 35328K, reserved 1081344K
  class space    used 4528K, committed 4672K, reserved 1048576K
}
Event: 14.641 GC heap after
{Heap after GC invocations=11 (full 0):
 garbage-first heap   total 48128K, used 25782K [0x00000000c3400000, 0x0000000100000000)
  region size 1024K, 2 young (2048K), 2 survivors (2048K)
 Metaspace       used 35028K, committed 35328K, reserved 1081344K
  class space    used 4528K, committed 4672K, reserved 1048576K
}
Event: 14.699 GC heap before
{Heap before GC invocations=11 (full 0):
 garbage-first heap   total 48128K, used 33974K [0x00000000c3400000, 0x0000000100000000)
  region size 1024K, 11 young (11264K), 2 survivors (2048K)
 Metaspace       used 35028K, committed 35328K, reserved 1081344K
  class space    used 4528K, committed 4672K, reserved 1048576K
}
Event: 14.705 GC heap after
{Heap after GC invocations=12 (full 0):
 garbage-first heap   total 58368K, used 27774K [0x00000000c3400000, 0x0000000100000000)
  region size 1024K, 2 young (2048K), 2 survivors (2048K)
 Metaspace       used 35028K, committed 35328K, reserved 1081344K
  class space    used 4528K, committed 4672K, reserved 1048576K
}
Event: 15.016 GC heap before
{Heap before GC invocations=13 (full 0):
 garbage-first heap   total 58368K, used 41086K [0x00000000c3400000, 0x0000000100000000)
  region size 1024K, 16 young (16384K), 2 survivors (2048K)
 Metaspace       used 35074K, committed 35392K, reserved 1081344K
  class space    used 4545K, committed 4736K, reserved 1048576K
}
Event: 15.022 GC heap after
{Heap after GC invocations=14 (full 0):
 garbage-first heap   total 58368K, used 30571K [0x00000000c3400000, 0x0000000100000000)
  region size 1024K, 2 young (2048K), 2 survivors (2048K)
 Metaspace       used 35074K, committed 35392K, reserved 1081344K
  class space    used 4545K, committed 4736K, reserved 1048576K
}
Event: 15.052 GC heap before
{Heap before GC invocations=14 (full 0):
 garbage-first heap   total 58368K, used 31595K [0x00000000c3400000, 0x0000000100000000)
  region size 1024K, 3 young (3072K), 2 survivors (2048K)
 Metaspace       used 35167K, committed 35520K, reserved 1081344K
  class space    used 4559K, committed 4736K, reserved 1048576K
}
Event: 15.055 GC heap after
{Heap after GC invocations=15 (full 0):
 garbage-first heap   total 58368K, used 29494K [0x00000000c3400000, 0x0000000100000000)
  region size 1024K, 1 young (1024K), 1 survivors (1024K)
 Metaspace       used 35167K, committed 35520K, reserved 1081344K
  class space    used 4559K, committed 4736K, reserved 1048576K
}
Event: 15.197 GC heap before
{Heap before GC invocations=15 (full 0):
 garbage-first heap   total 58368K, used 42806K [0x00000000c3400000, 0x0000000100000000)
  region size 1024K, 14 young (14336K), 1 survivors (1024K)
 Metaspace       used 35182K, committed 35520K, reserved 1081344K
  class space    used 4563K, committed 4736K, reserved 1048576K
}
Event: 15.203 GC heap after
{Heap after GC invocations=16 (full 0):
 garbage-first heap   total 58368K, used 31541K [0x00000000c3400000, 0x0000000100000000)
  region size 1024K, 2 young (2048K), 2 survivors (2048K)
 Metaspace       used 35182K, committed 35520K, reserved 1081344K
  class space    used 4563K, committed 4736K, reserved 1048576K
}
Event: 15.400 GC heap before
{Heap before GC invocations=17 (full 0):
 garbage-first heap   total 65536K, used 43829K [0x00000000c3400000, 0x0000000100000000)
  region size 1024K, 14 young (14336K), 2 survivors (2048K)
 Metaspace       used 35201K, committed 35520K, reserved 1081344K
  class space    used 4568K, committed 4736K, reserved 1048576K
}
Event: 15.407 GC heap after
{Heap after GC invocations=18 (full 0):
 garbage-first heap   total 65536K, used 33699K [0x00000000c3400000, 0x0000000100000000)
  region size 1024K, 2 young (2048K), 2 survivors (2048K)
 Metaspace       used 35201K, committed 35520K, reserved 1081344K
  class space    used 4568K, committed 4736K, reserved 1048576K
}
Event: 15.414 GC heap before
{Heap before GC invocations=18 (full 0):
 garbage-first heap   total 65536K, used 34723K [0x00000000c3400000, 0x0000000100000000)
  region size 1024K, 3 young (3072K), 2 survivors (2048K)
 Metaspace       used 35219K, committed 35520K, reserved 1081344K
  class space    used 4569K, committed 4736K, reserved 1048576K
}
Event: 15.419 GC heap after
{Heap after GC invocations=19 (full 0):
 garbage-first heap   total 65536K, used 33187K [0x00000000c3400000, 0x0000000100000000)
  region size 1024K, 1 young (1024K), 1 survivors (1024K)
 Metaspace       used 35219K, committed 35520K, reserved 1081344K
  class space    used 4569K, committed 4736K, reserved 1048576K
}
Event: 15.506 GC heap before
{Heap before GC invocations=19 (full 0):
 garbage-first heap   total 65536K, used 48547K [0x00000000c3400000, 0x0000000100000000)
  region size 1024K, 16 young (16384K), 1 survivors (1024K)
 Metaspace       used 35468K, committed 35776K, reserved 1081344K
  class space    used 4598K, committed 4736K, reserved 1048576K
}

